\BOOKMARK [1][-]{section.1}{\376\377\134\017\176\304\122\006\135\345}{}% 1
\BOOKMARK [1][-]{section.2}{\376\377\000E\000n\000v\000i\000r\000o\000n\000m\000e\000n\000t\000\040\000a\000n\000d\000\040\000R\000e\000q\000u\000i\000r\000e\000m\000e\000n\000t\000s}{}% 2
\BOOKMARK [1][-]{section.3}{\376\377\000U\000s\000a\000g\000e}{}% 3
\BOOKMARK [1][-]{section.4}{\376\377\000F\000i\000l\000e\000\040\000S\000t\000r\000u\000c\000t\000u\000r\000e}{}% 4
\BOOKMARK [1][-]{section.5}{\376\377\122\237\200\375\134\125\171\072\116\016\213\364\146\016}{}% 5
\BOOKMARK [1][-]{section.6}{\376\377\173\227\154\325\151\202\217\360}{}% 6
\BOOKMARK [2][-]{subsection.6.1}{\376\377\147\000\134\017\165\037\142\020\150\021}{section.6}% 7
\BOOKMARK [2][-]{subsection.6.2}{\376\377\116\373\141\017\116\044\160\271\147\000\167\355\215\357}{section.6}% 8
\BOOKMARK [2][-]{subsection.6.3}{\376\377\116\055\137\303\136\246\173\227\154\325}{section.6}% 9
\BOOKMARK [3][-]{subsubsection.6.3.1}{\376\377\175\047\133\306\116\055\137\303\136\246}{subsection.6.3}% 10
\BOOKMARK [3][-]{subsubsection.6.3.2}{\376\377\116\313\145\160\116\055\137\303\136\246}{subsection.6.3}% 11
\BOOKMARK [2][-]{subsection.6.4}{\376\377\171\076\177\244\123\321\163\260\173\227\154\325}{section.6}% 12
\BOOKMARK [1][-]{section.7}{\376\377\165\065\137\161\145\160\143\156\226\306}{}% 13
\BOOKMARK [2][-]{subsection.7.1}{\376\377\136\372\152\041\145\271\154\325}{section.7}% 14
\BOOKMARK [2][-]{subsection.7.2}{\376\377\166\370\121\163\176\337\213\241\145\160\143\156}{section.7}% 15
\BOOKMARK [2][-]{subsection.7.3}{\376\377\173\227\154\325\133\236\163\260\116\016\127\072\146\157\122\006\147\220}{section.7}% 16
\BOOKMARK [3][-]{subsubsection.7.3.1}{\376\377\147\000\167\355\215\357\137\204}{subsection.7.3}% 17
\BOOKMARK [3][-]{subsubsection.7.3.2}{\376\377\147\000\134\017\165\037\142\020\150\021}{subsection.7.3}% 18
\BOOKMARK [3][-]{subsubsection.7.3.3}{\376\377\116\313\145\160\116\055\137\303\136\246}{subsection.7.3}% 19
\BOOKMARK [3][-]{subsubsection.7.3.4}{\376\377\175\047\133\306\116\055\137\303\136\246}{subsection.7.3}% 20
\BOOKMARK [3][-]{subsubsection.7.3.5}{\376\377\171\076\123\072\123\321\163\260}{subsection.7.3}% 21
\BOOKMARK [1][-]{section.8}{\376\377\213\272\145\207\145\160\143\156\226\306}{}% 22
\BOOKMARK [2][-]{subsection.8.1}{\376\377\136\372\152\041\145\271\154\325}{section.8}% 23
\BOOKMARK [2][-]{subsection.8.2}{\376\377\166\370\121\163\176\337\213\241\145\160\143\156}{section.8}% 24
\BOOKMARK [2][-]{subsection.8.3}{\376\377\173\227\154\325\133\236\163\260\116\016\127\072\146\157\122\006\147\220}{section.8}% 25
\BOOKMARK [3][-]{subsubsection.8.3.1}{\376\377\147\000\167\355\215\357\137\204}{subsection.8.3}% 26
\BOOKMARK [3][-]{subsubsection.8.3.2}{\376\377\147\000\134\017\165\037\142\020\150\021}{subsection.8.3}% 27
\BOOKMARK [3][-]{subsubsection.8.3.3}{\376\377\116\313\145\160\116\055\137\303\136\246}{subsection.8.3}% 28
\BOOKMARK [3][-]{subsubsection.8.3.4}{\376\377\175\047\133\306\116\055\137\303\136\246}{subsection.8.3}% 29
\BOOKMARK [3][-]{subsubsection.8.3.5}{\376\377\171\076\123\072\123\321\163\260}{subsection.8.3}% 30
\BOOKMARK [1][-]{section.9}{\376\377\140\073\176\323}{}% 31
\BOOKMARK [1][-]{appendix.A}{\376\377\000P\000y\000t\000h\000o\000n\000\040\000N\000e\000t\000w\000o\000r\000k\000x\126\376\200\132\174\173\176\323\147\234}{}% 32
